<?xml version="1.0" encoding="UTF-8"?>
<!-- Generated by org.testng.reporters.JUnitReportReporter -->
<testsuite skipped="0" hostname="DELL-PC" name="driverFactory.DriverScript" tests="1" failures="0" timestamp="15 Aug 2022 00:08:53 GMT" time="57.840" errors="0">
  <testcase name="startTest" time="57.840" classname="driverFactory.DriverScript"/>
</testsuite> <!-- driverFactory.DriverScript -->
