<?xml version="1.0" encoding="UTF-8"?>
<!-- Generated by org.testng.reporters.JUnitReportReporter -->
<testsuite hostname="DELL-PC" name="driveryfactory.driverscript" tests="1" failures="0" timestamp="9 Aug 2022 23:11:57 GMT" time="1.497" errors="0">
  <testcase name="starttest" time="1.497" classname="driveryfactory.driverscript"/>
</testsuite> <!-- driveryfactory.driverscript -->
