<?xml version="1.0" encoding="UTF-8"?>
<!-- Generated by org.testng.reporters.JUnitReportReporter -->
<testsuite hostname="DELL-PC" name="commonfunctions.functionlibrary" tests="1" failures="0" timestamp="9 Aug 2022 18:12:07 GMT" time="5.797" errors="0">
  <testcase name="verifylogin1" time="5.797" classname="commonfunctions.functionlibrary"/>
</testsuite> <!-- commonfunctions.functionlibrary -->
