<?xml version="1.0" encoding="UTF-8"?>
<!-- Generated by org.testng.reporters.JUnitReportReporter -->
<testsuite hostname="DELL-PC" name="constant.constantmethods" tests="1" failures="0" timestamp="9 Aug 2022 18:01:46 GMT" time="1.967" errors="0">
  <testcase name="verifylogin" time="1.967" classname="constant.constantmethods"/>
</testsuite> <!-- constant.constantmethods -->
